<?xml version="1.0" encoding="UTF-8"?>
<!-- Generated by org.testng.reporters.JUnitXMLReporter -->
<testsuite ignored="0" hostname="windows-server-2016-1" failures="0" tests="2" name="Default test" time="25.322" errors="0" timestamp="02 Jun 2018 16:35:04 GMT">
  <testcase classname="cucumber.api.testng.AbstractTestNGCucumberTests" name="feature" time="18.332"/>
  <testcase classname="cucumber.api.testng.AbstractTestNGCucumberTests" name="feature" time="6.614"/>
</testsuite> <!-- Default test -->
