<?xml version="1.0" encoding="UTF-8"?>
<testng-results ignored="0" total="2" passed="2" failed="0" skipped="0">
  <reporter-output>
  </reporter-output>
  <suite started-at="2018-06-02T16:34:39Z" name="Default suite" finished-at="2018-06-02T16:35:04Z" duration-ms="25322">
    <groups>
      <group name="cucumber">
        <method signature="AbstractTestNGCucumberTests.feature(cucumber.api.testng.CucumberFeatureWrapper)[pri:0, instance:runner.TestRunner@482bce4f]" name="feature" class="cucumber.api.testng.AbstractTestNGCucumberTests"/>
      </group> <!-- cucumber -->
    </groups>
    <test started-at="2018-06-02T16:34:39Z" name="Default test" finished-at="2018-06-02T16:35:04Z" duration-ms="25322">
      <class name="runner.TestRunner">
        <test-method is-config="true" signature="startDriver(java.lang.String)[pri:0, instance:runner.TestRunner@482bce4f]" started-at="2018-06-02T16:34:37Z" name="startDriver" finished-at="2018-06-02T16:34:39Z" duration-ms="2353" status="PASS">
          <params>
            <param index="0">
              <value>
                <![CDATA[chrome]]>
              </value>
            </param>
          </params>
          <reporter-output>
          </reporter-output>
        </test-method> <!-- startDriver -->
        <test-method is-config="true" signature="setUpClass()[pri:0, instance:runner.TestRunner@482bce4f]" started-at="2018-06-02T16:34:39Z" name="setUpClass" finished-at="2018-06-02T16:34:39Z" duration-ms="213" status="PASS">
          <reporter-output>
          </reporter-output>
        </test-method> <!-- setUpClass -->
        <test-method signature="feature(cucumber.api.testng.CucumberFeatureWrapper)[pri:0, instance:runner.TestRunner@482bce4f]" started-at="2018-06-02T16:34:39Z" name="feature" description="Runs Cucumber Feature" data-provider="features" finished-at="2018-06-02T16:34:58Z" duration-ms="18332" status="PASS">
          <params>
            <param index="0">
              <value>
                <![CDATA[Automated End2End Tests]]>
              </value>
            </param>
          </params>
          <reporter-output>
          </reporter-output>
        </test-method> <!-- feature -->
        <test-method is-config="true" signature="screenshotOnFailure(org.testng.ITestResult)[pri:0, instance:runner.TestRunner@482bce4f]" started-at="2018-06-02T16:34:58Z" name="screenshotOnFailure" finished-at="2018-06-02T16:34:58Z" duration-ms="0" status="PASS">
          <params>
            <param index="0">
              <value>
                <![CDATA[[TestResult name=feature status=SUCCESS method=AbstractTestNGCucumberTests.feature(cucumber.api.testng.CucumberFeatureWrapper)[pri:0, instance:runner.TestRunner@482bce4f] output={null}]]]>
              </value>
            </param>
          </params>
          <reporter-output>
          </reporter-output>
        </test-method> <!-- screenshotOnFailure -->
        <test-method signature="feature(cucumber.api.testng.CucumberFeatureWrapper)[pri:0, instance:runner.TestRunner@482bce4f]" started-at="2018-06-02T16:34:58Z" name="feature" description="Runs Cucumber Feature" data-provider="features" finished-at="2018-06-02T16:35:04Z" duration-ms="6614" status="PASS">
          <params>
            <param index="0">
              <value>
                <![CDATA[User Registration]]>
              </value>
            </param>
          </params>
          <reporter-output>
          </reporter-output>
        </test-method> <!-- feature -->
        <test-method is-config="true" signature="screenshotOnFailure(org.testng.ITestResult)[pri:0, instance:runner.TestRunner@482bce4f]" started-at="2018-06-02T16:35:04Z" name="screenshotOnFailure" finished-at="2018-06-02T16:35:04Z" duration-ms="0" status="PASS">
          <params>
            <param index="0">
              <value>
                <![CDATA[[TestResult name=feature status=SUCCESS method=AbstractTestNGCucumberTests.feature(cucumber.api.testng.CucumberFeatureWrapper)[pri:0, instance:runner.TestRunner@482bce4f] output={null}]]]>
              </value>
            </param>
          </params>
          <reporter-output>
          </reporter-output>
        </test-method> <!-- screenshotOnFailure -->
        <test-method is-config="true" signature="tearDownClass()[pri:0, instance:runner.TestRunner@482bce4f]" started-at="2018-06-02T16:35:04Z" name="tearDownClass" finished-at="2018-06-02T16:35:04Z" duration-ms="61" status="PASS">
          <reporter-output>
          </reporter-output>
        </test-method> <!-- tearDownClass -->
        <test-method is-config="true" signature="stopDriver()[pri:0, instance:runner.TestRunner@482bce4f]" started-at="2018-06-02T16:35:04Z" name="stopDriver" finished-at="2018-06-02T16:35:05Z" duration-ms="750" status="PASS">
          <reporter-output>
          </reporter-output>
        </test-method> <!-- stopDriver -->
      </class> <!-- runner.TestRunner -->
    </test> <!-- Default test -->
  </suite> <!-- Default suite -->
</testng-results>
